\BOOKMARK [0][-]{chapter.1}{Introduction}{}% 1
\BOOKMARK [1][-]{section.1.1}{What is a differential equation?}{chapter.1}% 2
\BOOKMARK [1][-]{section.1.2}{Algebraic vs differential equations}{chapter.1}% 3
\BOOKMARK [1][-]{section.1.3}{Solutions and Initial Value Problem}{chapter.1}% 4
\BOOKMARK [1][-]{section.1.4}{Direction Fields \(optional\)}{chapter.1}% 5
\BOOKMARK [0][-]{chapter.2}{First-order Differential Equations}{}% 6
\BOOKMARK [1][-]{section.2.1}{Overview of Solution approaches}{chapter.2}% 7
\BOOKMARK [1][-]{section.2.2}{Direct integration}{chapter.2}% 8
\BOOKMARK [1][-]{section.2.3}{Substitution and Transformation \(corresponds to 2.6 in book\)}{chapter.2}% 9
\BOOKMARK [1][-]{section.2.4}{Exact Equations \(corresponds to 2.4 in book\)}{chapter.2}% 10
\BOOKMARK [1][-]{section.2.5}{Integrating factor}{chapter.2}% 11
\BOOKMARK [1][-]{section.2.6}{First-order Linear Equations \(corresponds to 2.3 in book\)}{chapter.2}% 12
\BOOKMARK [0][-]{chapter.3}{Mathematical Modelling of First-Order Equations}{}% 13
\BOOKMARK [1][-]{section.3.1}{Mathematical Modelling}{chapter.3}% 14
\BOOKMARK [0][-]{chapter.4}{Linear Second-Order Equations}{}% 15
\BOOKMARK [1][-]{section.4.1}{Introduction}{chapter.4}% 16
\BOOKMARK [1][-]{section.4.2}{Solution superposition in homogeneous ODEs}{chapter.4}% 17
\BOOKMARK [1][-]{section.4.3}{Auxiliary equation}{chapter.4}% 18
\BOOKMARK [1][-]{section.4.4}{Method of Undetermined Coefficients \(MUC\)}{chapter.4}% 19
\BOOKMARK [1][-]{section.4.5}{Variation of Parameter - VoP}{chapter.4}% 20
\BOOKMARK [1][-]{section.4.6}{Mathematical Modelling of second-order ODEs}{chapter.4}% 21
\BOOKMARK [0][-]{chapter.5}{Laplace Transforms}{}% 22
\BOOKMARK [1][-]{section.5.1}{Introduction}{chapter.5}% 23
\BOOKMARK [1][-]{section.5.2}{Properties of the Laplace Transform}{chapter.5}% 24
\BOOKMARK [1][-]{section.5.3}{Properties of the inverse LT}{chapter.5}% 25
\BOOKMARK [1][-]{section.5.4}{Laplace transform of IVP}{chapter.5}% 26
\BOOKMARK [1][-]{section.5.5}{Application of LT}{chapter.5}% 27
\BOOKMARK [0][-]{chapter.6}{Power Series}{}% 28
\BOOKMARK [1][-]{section.6.1}{Review of Taylor series expansion}{chapter.6}% 29
\BOOKMARK [1][-]{section.6.2}{Properties of Power Series}{chapter.6}% 30
\BOOKMARK [1][-]{section.6.3}{Power Series Solution to Linear ODEs}{chapter.6}% 31
